Arguments: 
  /Users/brendan/LA/challenges/reviews/target/node/node /Users/brendan/LA/challenges/reviews/target/node/yarn/dist/bin/yarn.js

PATH: 
  /Users/brendan/LA/challenges/reviews/target/node:/Users/brendan/LA/challenges/reviews/target/node/yarn/dist/bin:/Users/brendan/.nvm/versions/node/v12.18.3/bin:/usr/local/bin:/usr/bin:/bin:/usr/sbin:/sbin:/Applications/Postgres.app/Contents/Versions/latest/bin:/Users/brendan/.nvm/versions/node/v12.18.3/bin:

Yarn version: 
  1.22.0

Node version: 
  12.18.3

Platform: 
  darwin x64

Trace: 
  Error: ENOSPC: no space left on device, copyfile '/Users/brendan/Library/Caches/Yarn/v6/npm-rxjs-6.6.3-8ca84635c4daa900c0d3967a6ee7ac60271ee552-integrity/node_modules/rxjs/src/add/operator/concatMapTo.ts' -> '/Users/brendan/LA/challenges/reviews/src/main/frontend/node_modules/rxjs/src/add/operator/concatMapTo.ts'

npm manifest: 
  {
    "name": "review-site",
    "version": "1.0.0",
    "description": "",
    "main": "webpack.config.js",
    "scripts": {
      "dev:client": "node_modules/.bin/webpack-dev-server --host 0.0.0.0",
      "webpack": "node_modules/.bin/webpack --config ./webpack.config.js",
      "test": "./node_modules/.bin/jest"
    },
    "dependencies": {
      "@babel/polyfill": "^7.4.4",
      "@babel/preset-react": "^7.0.0",
      "babel-loader": "^8.0.6",
      "body-parser": "^1.19.0",
      "css-loader": "^2.1.1",
      "cookie-parser": "~1.4.3",
      "flash": "^1.1.0",
      "hbs": "~4.0.1",
      "http-errors": "~1.6.2",
      "json-loader": "^0.5.4",
      "json2csv": "^4.4.1",
      "lodash": "^4.17.11",
      "morgan": "^1.9.1",
      "node-sass": "^4.14.0",
      "pg": "^8.3.0",
      "react": "~16.8.0",
      "react-dom": "~16.8.0",
      "react-router-dom": "^5.0.0",
      "sass-loader": "^6.0.2",
      "style-loader": "^0.13.2",
      "webpack": "~2.3.1",
      "write-file-webpack-plugin": "~4.2.0"
    },
    "devDependencies": {
      "@babel/core": "^7.11.1",
      "@babel/preset-env": "^7.11.0",
      "@types/jest": "^26.0.9",
      "babel-jest": "^26.2.2",
      "dotenv": "^8.2.0",
      "debug": "~2.6.9",
      "enzyme": "~3.10.0",
      "enzyme-adapter-react-16": "^1.14.0",
      "eslint": "7.2.0",
      "eslint-config-airbnb": "18.2.0",
      "eslint-config-prettier": "^6.11.0",
      "eslint-plugin-import": "2.21.2",
      "eslint-plugin-jsx-a11y": "6.3.0",
      "eslint-plugin-prettier": "^3.1.4",
      "eslint-plugin-react": "7.20.0",
      "eslint-plugin-react-hooks": "4.0.0",
      "jest": "^24.9.0",
      "prettier": "^1.17.0",
      "supertest": "^4.0.2",
      "webpack-dev-server": "~2.4.2"
    }
  }

yarn manifest: 
  No manifest

Lockfile: 
  No lockfile
